  Determining projects to restore...
  All projects are up-to-date for restore.
/home/josh/workspace/dotnet/aoc-2024-dotnet/src/aoc-2-24-dotnet.Tests/MSTestSettings.cs(1,12): error CS0246: The type or namespace name 'ParallelizeAttribute' could not be found (are you missing a using directive or an assembly reference?) [/home/josh/workspace/dotnet/aoc-2024-dotnet/aoc-2024-dotnet.csproj]
/home/josh/workspace/dotnet/aoc-2024-dotnet/src/aoc-2-24-dotnet.Tests/MSTestSettings.cs(1,12): error CS0246: The type or namespace name 'Parallelize' could not be found (are you missing a using directive or an assembly reference?) [/home/josh/workspace/dotnet/aoc-2024-dotnet/aoc-2024-dotnet.csproj]
/home/josh/workspace/dotnet/aoc-2024-dotnet/src/aoc-2-24-dotnet.Tests/MSTestSettings.cs(1,32): error CS0103: The name 'ExecutionScope' does not exist in the current context [/home/josh/workspace/dotnet/aoc-2024-dotnet/aoc-2024-dotnet.csproj]
/home/josh/workspace/dotnet/aoc-2024-dotnet/obj/Debug/net9.0/.NETCoreApp,Version=v9.0.AssemblyAttributes.cs(4,12): error CS0579: Duplicate 'global::System.Runtime.Versioning.TargetFrameworkAttribute' attribute [/home/josh/workspace/dotnet/aoc-2024-dotnet/aoc-2024-dotnet.csproj]
/home/josh/workspace/dotnet/aoc-2024-dotnet/obj/Debug/net9.0/aoc-2024-dotnet.AssemblyInfo.cs(13,12): error CS0579: Duplicate 'System.Reflection.AssemblyCompanyAttribute' attribute [/home/josh/workspace/dotnet/aoc-2024-dotnet/aoc-2024-dotnet.csproj]
/home/josh/workspace/dotnet/aoc-2024-dotnet/obj/Debug/net9.0/aoc-2024-dotnet.AssemblyInfo.cs(14,12): error CS0579: Duplicate 'System.Reflection.AssemblyConfigurationAttribute' attribute [/home/josh/workspace/dotnet/aoc-2024-dotnet/aoc-2024-dotnet.csproj]
/home/josh/workspace/dotnet/aoc-2024-dotnet/obj/Debug/net9.0/aoc-2024-dotnet.AssemblyInfo.cs(15,12): error CS0579: Duplicate 'System.Reflection.AssemblyFileVersionAttribute' attribute [/home/josh/workspace/dotnet/aoc-2024-dotnet/aoc-2024-dotnet.csproj]
/home/josh/workspace/dotnet/aoc-2024-dotnet/obj/Debug/net9.0/aoc-2024-dotnet.AssemblyInfo.cs(16,12): error CS0579: Duplicate 'System.Reflection.AssemblyInformationalVersionAttribute' attribute [/home/josh/workspace/dotnet/aoc-2024-dotnet/aoc-2024-dotnet.csproj]
/home/josh/workspace/dotnet/aoc-2024-dotnet/obj/Debug/net9.0/aoc-2024-dotnet.AssemblyInfo.cs(17,12): error CS0579: Duplicate 'System.Reflection.AssemblyProductAttribute' attribute [/home/josh/workspace/dotnet/aoc-2024-dotnet/aoc-2024-dotnet.csproj]
/home/josh/workspace/dotnet/aoc-2024-dotnet/obj/Debug/net9.0/aoc-2024-dotnet.AssemblyInfo.cs(18,12): error CS0579: Duplicate 'System.Reflection.AssemblyTitleAttribute' attribute [/home/josh/workspace/dotnet/aoc-2024-dotnet/aoc-2024-dotnet.csproj]
/home/josh/workspace/dotnet/aoc-2024-dotnet/obj/Debug/net9.0/aoc-2024-dotnet.AssemblyInfo.cs(19,12): error CS0579: Duplicate 'System.Reflection.AssemblyVersionAttribute' attribute [/home/josh/workspace/dotnet/aoc-2024-dotnet/aoc-2024-dotnet.csproj]
/home/josh/workspace/dotnet/aoc-2024-dotnet/src/aoc-2-24-dotnet.Tests/obj/Debug/net9.0/aoc-2-24-dotnet.Tests.GlobalUsings.g.cs(2,32): error CS0234: The type or namespace name 'VisualStudio' does not exist in the namespace 'Microsoft' (are you missing an assembly reference?) [/home/josh/workspace/dotnet/aoc-2024-dotnet/aoc-2024-dotnet.csproj]
/home/josh/workspace/dotnet/aoc-2024-dotnet/src/aoc-2-24-dotnet.Tests/Test1.cs(3,2): error CS0246: The type or namespace name 'TestClassAttribute' could not be found (are you missing a using directive or an assembly reference?) [/home/josh/workspace/dotnet/aoc-2024-dotnet/aoc-2024-dotnet.csproj]
/home/josh/workspace/dotnet/aoc-2024-dotnet/src/aoc-2-24-dotnet.Tests/Test1.cs(3,2): error CS0246: The type or namespace name 'TestClass' could not be found (are you missing a using directive or an assembly reference?) [/home/josh/workspace/dotnet/aoc-2024-dotnet/aoc-2024-dotnet.csproj]
/home/josh/workspace/dotnet/aoc-2024-dotnet/src/aoc-2-24-dotnet.Tests/Test1.cs(6,6): error CS0246: The type or namespace name 'TestMethodAttribute' could not be found (are you missing a using directive or an assembly reference?) [/home/josh/workspace/dotnet/aoc-2024-dotnet/aoc-2024-dotnet.csproj]
/home/josh/workspace/dotnet/aoc-2024-dotnet/src/aoc-2-24-dotnet.Tests/Test1.cs(6,6): error CS0246: The type or namespace name 'TestMethod' could not be found (are you missing a using directive or an assembly reference?) [/home/josh/workspace/dotnet/aoc-2024-dotnet/aoc-2024-dotnet.csproj]

Build FAILED.

/home/josh/workspace/dotnet/aoc-2024-dotnet/src/aoc-2-24-dotnet.Tests/MSTestSettings.cs(1,12): error CS0246: The type or namespace name 'ParallelizeAttribute' could not be found (are you missing a using directive or an assembly reference?) [/home/josh/workspace/dotnet/aoc-2024-dotnet/aoc-2024-dotnet.csproj]
/home/josh/workspace/dotnet/aoc-2024-dotnet/src/aoc-2-24-dotnet.Tests/MSTestSettings.cs(1,12): error CS0246: The type or namespace name 'Parallelize' could not be found (are you missing a using directive or an assembly reference?) [/home/josh/workspace/dotnet/aoc-2024-dotnet/aoc-2024-dotnet.csproj]
/home/josh/workspace/dotnet/aoc-2024-dotnet/src/aoc-2-24-dotnet.Tests/MSTestSettings.cs(1,32): error CS0103: The name 'ExecutionScope' does not exist in the current context [/home/josh/workspace/dotnet/aoc-2024-dotnet/aoc-2024-dotnet.csproj]
/home/josh/workspace/dotnet/aoc-2024-dotnet/obj/Debug/net9.0/.NETCoreApp,Version=v9.0.AssemblyAttributes.cs(4,12): error CS0579: Duplicate 'global::System.Runtime.Versioning.TargetFrameworkAttribute' attribute [/home/josh/workspace/dotnet/aoc-2024-dotnet/aoc-2024-dotnet.csproj]
/home/josh/workspace/dotnet/aoc-2024-dotnet/obj/Debug/net9.0/aoc-2024-dotnet.AssemblyInfo.cs(13,12): error CS0579: Duplicate 'System.Reflection.AssemblyCompanyAttribute' attribute [/home/josh/workspace/dotnet/aoc-2024-dotnet/aoc-2024-dotnet.csproj]
/home/josh/workspace/dotnet/aoc-2024-dotnet/obj/Debug/net9.0/aoc-2024-dotnet.AssemblyInfo.cs(14,12): error CS0579: Duplicate 'System.Reflection.AssemblyConfigurationAttribute' attribute [/home/josh/workspace/dotnet/aoc-2024-dotnet/aoc-2024-dotnet.csproj]
/home/josh/workspace/dotnet/aoc-2024-dotnet/obj/Debug/net9.0/aoc-2024-dotnet.AssemblyInfo.cs(15,12): error CS0579: Duplicate 'System.Reflection.AssemblyFileVersionAttribute' attribute [/home/josh/workspace/dotnet/aoc-2024-dotnet/aoc-2024-dotnet.csproj]
/home/josh/workspace/dotnet/aoc-2024-dotnet/obj/Debug/net9.0/aoc-2024-dotnet.AssemblyInfo.cs(16,12): error CS0579: Duplicate 'System.Reflection.AssemblyInformationalVersionAttribute' attribute [/home/josh/workspace/dotnet/aoc-2024-dotnet/aoc-2024-dotnet.csproj]
/home/josh/workspace/dotnet/aoc-2024-dotnet/obj/Debug/net9.0/aoc-2024-dotnet.AssemblyInfo.cs(17,12): error CS0579: Duplicate 'System.Reflection.AssemblyProductAttribute' attribute [/home/josh/workspace/dotnet/aoc-2024-dotnet/aoc-2024-dotnet.csproj]
/home/josh/workspace/dotnet/aoc-2024-dotnet/obj/Debug/net9.0/aoc-2024-dotnet.AssemblyInfo.cs(18,12): error CS0579: Duplicate 'System.Reflection.AssemblyTitleAttribute' attribute [/home/josh/workspace/dotnet/aoc-2024-dotnet/aoc-2024-dotnet.csproj]
/home/josh/workspace/dotnet/aoc-2024-dotnet/obj/Debug/net9.0/aoc-2024-dotnet.AssemblyInfo.cs(19,12): error CS0579: Duplicate 'System.Reflection.AssemblyVersionAttribute' attribute [/home/josh/workspace/dotnet/aoc-2024-dotnet/aoc-2024-dotnet.csproj]
/home/josh/workspace/dotnet/aoc-2024-dotnet/src/aoc-2-24-dotnet.Tests/obj/Debug/net9.0/aoc-2-24-dotnet.Tests.GlobalUsings.g.cs(2,32): error CS0234: The type or namespace name 'VisualStudio' does not exist in the namespace 'Microsoft' (are you missing an assembly reference?) [/home/josh/workspace/dotnet/aoc-2024-dotnet/aoc-2024-dotnet.csproj]
/home/josh/workspace/dotnet/aoc-2024-dotnet/src/aoc-2-24-dotnet.Tests/Test1.cs(3,2): error CS0246: The type or namespace name 'TestClassAttribute' could not be found (are you missing a using directive or an assembly reference?) [/home/josh/workspace/dotnet/aoc-2024-dotnet/aoc-2024-dotnet.csproj]
/home/josh/workspace/dotnet/aoc-2024-dotnet/src/aoc-2-24-dotnet.Tests/Test1.cs(3,2): error CS0246: The type or namespace name 'TestClass' could not be found (are you missing a using directive or an assembly reference?) [/home/josh/workspace/dotnet/aoc-2024-dotnet/aoc-2024-dotnet.csproj]
/home/josh/workspace/dotnet/aoc-2024-dotnet/src/aoc-2-24-dotnet.Tests/Test1.cs(6,6): error CS0246: The type or namespace name 'TestMethodAttribute' could not be found (are you missing a using directive or an assembly reference?) [/home/josh/workspace/dotnet/aoc-2024-dotnet/aoc-2024-dotnet.csproj]
/home/josh/workspace/dotnet/aoc-2024-dotnet/src/aoc-2-24-dotnet.Tests/Test1.cs(6,6): error CS0246: The type or namespace name 'TestMethod' could not be found (are you missing a using directive or an assembly reference?) [/home/josh/workspace/dotnet/aoc-2024-dotnet/aoc-2024-dotnet.csproj]
    0 Warning(s)
    16 Error(s)

Time Elapsed 00:00:00.94
